[2026-03-13 23:23:47] ========================================
[2026-03-13 23:23:47] [START] Eat Guardian 启动（每30分钟检查一次）
[2026-03-13 23:23:47] ========================================
[2026-03-13 23:23:47] [CHECK] 正在检查eat服务状态...
[2026-03-13 23:23:47] [OK] Eat 服务正常运行（PID: ）
[2026-03-13 23:23:47] [WAIT] 等待 30 分钟，下次检查...
[2026-03-13 23:24:09] ========================================
[2026-03-13 23:24:09] [START] Eat Guardian 启动（每30分钟检查一次）
[2026-03-13 23:24:09] ========================================
[2026-03-13 23:24:09] [CHECK] 正在检查eat服务状态...
[2026-03-13 23:24:09] [OK] Eat 服务正常运行（PID: ）
[2026-03-13 23:24:09] [WAIT] 等待 30 分钟，下次检查...
[2026-03-13 23:25:09] ========================================
[2026-03-13 23:25:09] [START] Eat Guardian 启动（每30分钟检查一次）
[2026-03-13 23:25:09] ========================================
[2026-03-13 23:25:09] [CHECK] 正在检查eat服务状态...
[2026-03-13 23:25:09] [OK] Eat 服务正常运行（PID: ）
[2026-03-13 23:25:09] [WAIT] 等待 30 秒，下次检查...
[2026-03-13 23:25:39] [CHECK] 正在检查eat服务状态...
[2026-03-13 23:25:39] [OK] Eat 服务正常运行（PID: ）
[2026-03-13 23:25:39] [WAIT] 等待 30 秒，下次检查...
[2026-03-13 23:26:09] [CHECK] 正在检查eat服务状态...
[2026-03-13 23:26:09] [OK] Eat 服务正常运行（PID: ）
[2026-03-13 23:26:09] [WAIT] 等待 30 秒，下次检查...
[2026-03-13 23:26:39] [CHECK] 正在检查eat服务状态...
[2026-03-13 23:26:39] [OK] Eat 服务正常运行（PID: ）
[2026-03-13 23:26:39] [WAIT] 等待 30 秒，下次检查...
[2026-03-13 23:27:09] [CHECK] 正在检查eat服务状态...
[2026-03-13 23:27:09] [OK] Eat 服务正常运行（PID: ）
[2026-03-13 23:27:09] [WAIT] 等待 30 秒，下次检查...
[2026-03-13 23:27:39] [CHECK] 正在检查eat服务状态...
[2026-03-13 23:27:39] [OK] Eat 服务正常运行（PID: ）
[2026-03-13 23:27:39] [WAIT] 等待 30 秒，下次检查...
[2026-03-13 23:28:09] [CHECK] 正在检查eat服务状态...
[2026-03-13 23:28:09] [OK] Eat 服务正常运行（PID: ）
[2026-03-13 23:28:09] [WAIT] 等待 30 秒，下次检查...
[2026-03-13 23:28:39] [CHECK] 正在检查eat服务状态...
[2026-03-13 23:28:39] [OK] Eat 服务正常运行（PID: ）
[2026-03-13 23:28:39] [WAIT] 等待 30 秒，下次检查...
[2026-03-13 23:29:09] [CHECK] 正在检查eat服务状态...
[2026-03-13 23:29:09] [OK] Eat 服务正常运行（PID: ）
[2026-03-13 23:29:09] [WAIT] 等待 30 秒，下次检查...
[2026-03-13 23:29:39] [CHECK] 正在检查eat服务状态...
[2026-03-13 23:29:39] [OK] Eat 服务正常运行（PID: ）
[2026-03-13 23:29:39] [WAIT] 等待 30 秒，下次检查...
[2026-03-13 23:30:09] [CHECK] 正在检查eat服务状态...
[2026-03-13 23:30:09] [OK] Eat 服务正常运行（PID: ）
[2026-03-13 23:30:09] [WAIT] 等待 30 秒，下次检查...
[2026-03-13 23:30:39] [CHECK] 正在检查eat服务状态...
[2026-03-13 23:30:40] [OK] Eat 服务正常运行（PID: ）
[2026-03-13 23:30:40] [WAIT] 等待 30 秒，下次检查...
[2026-03-13 23:31:10] [CHECK] 正在检查eat服务状态...
[2026-03-13 23:31:10] [OK] Eat 服务正常运行（PID: ）
[2026-03-13 23:31:10] [WAIT] 等待 30 秒，下次检查...
[2026-03-13 23:31:40] [CHECK] 正在检查eat服务状态...
[2026-03-13 23:31:40] [OK] Eat 服务正常运行（PID: ）
[2026-03-13 23:31:40] [WAIT] 等待 30 秒，下次检查...
[2026-03-13 23:32:10] [CHECK] 正在检查eat服务状态...
[2026-03-13 23:32:10] [OK] Eat 服务正常运行（PID: ）
[2026-03-13 23:32:10] [WAIT] 等待 30 秒，下次检查...
[2026-03-13 23:32:40] [CHECK] 正在检查eat服务状态...
[2026-03-13 23:32:40] [OK] Eat 服务正常运行（PID: ）
[2026-03-13 23:32:40] [WAIT] 等待 30 秒，下次检查...
[2026-03-13 23:33:10] [CHECK] 正在检查eat服务状态...
[2026-03-13 23:33:10] [OK] Eat 服务正常运行（PID: ）
[2026-03-13 23:33:10] [WAIT] 等待 30 秒，下次检查...
[2026-03-13 23:33:40] [CHECK] 正在检查eat服务状态...
[2026-03-13 23:33:40] [OK] Eat 服务正常运行（PID: ）
[2026-03-13 23:33:40] [WAIT] 等待 30 秒，下次检查...
[2026-03-13 23:34:10] [CHECK] 正在检查eat服务状态...
[2026-03-13 23:34:10] [OK] Eat 服务正常运行（PID: ）
[2026-03-13 23:34:10] [WAIT] 等待 30 秒，下次检查...
[2026-03-13 23:34:40] [CHECK] 正在检查eat服务状态...
[2026-03-13 23:34:40] [OK] Eat 服务正常运行（PID: ）
[2026-03-13 23:34:40] [WAIT] 等待 30 秒，下次检查...
[2026-03-13 23:35:10] [CHECK] 正在检查eat服务状态...
[2026-03-13 23:35:10] [OK] Eat 服务正常运行（PID: ）
[2026-03-13 23:35:10] [WAIT] 等待 30 秒，下次检查...
[2026-03-13 23:35:40] [CHECK] 正在检查eat服务状态...
[2026-03-13 23:35:40] [OK] Eat 服务正常运行（PID: ）
[2026-03-13 23:35:40] [WAIT] 等待 30 秒，下次检查...
[2026-03-13 23:36:10] [CHECK] 正在检查eat服务状态...
[2026-03-13 23:36:10] [OK] Eat 服务正常运行（PID: ）
[2026-03-13 23:36:10] [WAIT] 等待 30 秒，下次检查...
[2026-03-13 23:36:40] [CHECK] 正在检查eat服务状态...
[2026-03-13 23:36:40] [OK] Eat 服务正常运行（PID: ）
[2026-03-13 23:36:40] [WAIT] 等待 30 秒，下次检查...
[2026-03-13 23:37:10] [CHECK] 正在检查eat服务状态...
[2026-03-13 23:37:10] [OK] Eat 服务正常运行（PID: ）
[2026-03-13 23:37:10] [WAIT] 等待 30 秒，下次检查...
[2026-03-13 23:37:40] [CHECK] 正在检查eat服务状态...
[2026-03-13 23:37:40] [OK] Eat 服务正常运行（PID: ）
[2026-03-13 23:37:40] [WAIT] 等待 30 秒，下次检查...
[2026-03-13 23:38:10] [CHECK] 正在检查eat服务状态...
[2026-03-13 23:38:10] [OK] Eat 服务正常运行（PID: ）
[2026-03-13 23:38:10] [WAIT] 等待 30 秒，下次检查...
[2026-03-14 00:07:05] ========================================
[2026-03-14 00:07:05] [START] Eat Guardian 启动（每30分钟检查一次）
[2026-03-14 00:07:05] ========================================
[2026-03-14 00:07:05] [CHECK] 正在检查eat服务状态...
[2026-03-14 00:07:05] [OK] Eat 服务正常运行（PID: 2204）
[2026-03-14 00:07:05] [WAIT] 等待 30 秒，下次检查...
[2026-03-14 00:07:35] [CHECK] 正在检查eat服务状态...
[2026-03-14 00:07:35] [OK] Eat 服务正常运行（PID: 2204）
[2026-03-14 00:07:35] [WAIT] 等待 30 秒，下次检查...
[2026-03-14 00:08:05] [CHECK] 正在检查eat服务状态...
[2026-03-14 00:08:05] [OK] Eat 服务正常运行（PID: 2204）
[2026-03-14 00:08:05] [WAIT] 等待 30 秒，下次检查...
[2026-03-16 15:58:51] ========================================
[2026-03-16 15:58:51] [START] Eat Guardian 启动（每30分钟检查一次）
[2026-03-16 15:58:51] ========================================
[2026-03-16 15:58:51] [CHECK] 正在检查eat服务状态...
[2026-03-16 15:58:52] [OK] Eat 服务正常运行（PID: ）
[2026-03-16 15:58:52] [WAIT] 等待 30 秒，下次检查...
[2026-03-16 15:59:22] [CHECK] 正在检查eat服务状态...
[2026-03-16 15:59:22] [OK] Eat 服务正常运行（PID: ）
[2026-03-16 15:59:22] [WAIT] 等待 30 秒，下次检查...
[2026-03-16 15:59:52] [CHECK] 正在检查eat服务状态...
[2026-03-16 15:59:52] [OK] Eat 服务正常运行（PID: ）
[2026-03-16 15:59:52] [WAIT] 等待 30 秒，下次检查...
[2026-03-16 16:00:22] [CHECK] 正在检查eat服务状态...
[2026-03-16 16:00:22] [OK] Eat 服务正常运行（PID: ）
[2026-03-16 16:00:22] [WAIT] 等待 30 秒，下次检查...
